{
  "0 debug pnpm:scope": {
    "selected": 1
  },
  "1 debug pnpm:package-manifest": {
    "initial": {
      "name": "svelte-app",
      "version": "1.0.0",
      "private": true,
      "type": "module",
      "scripts": {
        "build": "rollup -c",
        "dev": "rollup -c -w",
        "start": "sirv public --no-clear",
        "test": "NODE_OPTIONS='--experimental-loader @jerrythomas/svelte-esm-test-utils' uvu -i setup spec",
        "test:coverage": "c8 --include=src --all npm test"
      },
      "devDependencies": {
        "@rollup/plugin-commonjs": "^17.0.0",
        "@rollup/plugin-node-resolve": "^11.0.0",
        "c8": "^7.9.0",
        "jsdom": "^17.0.0",
        "rollup": "^2.3.4",
        "rollup-plugin-css-only": "^3.1.0",
        "rollup-plugin-livereload": "^2.0.0",
        "rollup-plugin-svelte": "^7.0.0",
        "rollup-plugin-terser": "^7.0.0",
        "svelte": "^3.0.0",
        "uvu": "^0.5.1",
        "@jerrythomas/svelte-esm-test-utils": "^1.0.0-beta.0"
      },
      "dependencies": {
        "sirv-cli": "^1.0.0"
      }
    },
    "prefix": "/Users/Jerry/Code/Vikalp/svelte-esm-test-utils/examples/svelte"
  },
  "2 debug pnpm:context": {
    "currentLockfileExists": false,
    "storeDir": "/Users/Jerry/.pnpm-store/v3",
    "virtualStoreDir": "/Users/Jerry/Code/Vikalp/svelte-esm-test-utils/examples/svelte/node_modules/.pnpm"
  },
  "3 debug pnpm:stage": {
    "prefix": "/Users/Jerry/Code/Vikalp/svelte-esm-test-utils/examples/svelte",
    "stage": "resolution_started"
  },
  "4 debug pnpm:_dependency_resolved": {
    "resolution": "registry.npmjs.org/@rollup/plugin-commonjs/17.1.0",
    "wanted": {
      "dependentId": ".",
      "name": "@rollup/plugin-commonjs",
      "rawSpec": "^17.0.0"
    }
  },
  "5 debug pnpm:_dependency_resolved": {
    "resolution": "registry.npmjs.org/@rollup/plugin-node-resolve/11.2.1",
    "wanted": {
      "dependentId": ".",
      "name": "@rollup/plugin-node-resolve",
      "rawSpec": "^11.0.0"
    }
  },
  "6 debug pnpm:_dependency_resolved": {
    "resolution": "registry.npmjs.org/c8/7.9.0",
    "wanted": {
      "dependentId": ".",
      "name": "c8",
      "rawSpec": "^7.9.0"
    }
  },
  "7 debug pnpm:_dependency_resolved": {
    "resolution": "registry.npmjs.org/jsdom/17.0.0",
    "wanted": {
      "dependentId": ".",
      "name": "jsdom",
      "rawSpec": "^17.0.0"
    }
  },
  "8 debug pnpm:_dependency_resolved": {
    "resolution": "registry.npmjs.org/rollup/2.56.3",
    "wanted": {
      "dependentId": ".",
      "name": "rollup",
      "rawSpec": "^2.3.4"
    }
  },
  "9 debug pnpm:_dependency_resolved": {
    "resolution": "registry.npmjs.org/rollup-plugin-css-only/3.1.0",
    "wanted": {
      "dependentId": ".",
      "name": "rollup-plugin-css-only",
      "rawSpec": "^3.1.0"
    }
  },
  "10 debug pnpm:_dependency_resolved": {
    "resolution": "registry.npmjs.org/rollup-plugin-livereload/2.0.5",
    "wanted": {
      "dependentId": ".",
      "name": "rollup-plugin-livereload",
      "rawSpec": "^2.0.0"
    }
  },
  "11 debug pnpm:_dependency_resolved": {
    "resolution": "registry.npmjs.org/rollup-plugin-svelte/7.1.0",
    "wanted": {
      "dependentId": ".",
      "name": "rollup-plugin-svelte",
      "rawSpec": "^7.0.0"
    }
  },
  "12 debug pnpm:_dependency_resolved": {
    "resolution": "registry.npmjs.org/rollup-plugin-terser/7.0.2",
    "wanted": {
      "dependentId": ".",
      "name": "rollup-plugin-terser",
      "rawSpec": "^7.0.0"
    }
  },
  "13 debug pnpm:_dependency_resolved": {
    "resolution": "registry.npmjs.org/svelte/3.42.6",
    "wanted": {
      "dependentId": ".",
      "name": "svelte",
      "rawSpec": "^3.0.0"
    }
  },
  "14 debug pnpm:_dependency_resolved": {
    "resolution": "registry.npmjs.org/uvu/0.5.1",
    "wanted": {
      "dependentId": ".",
      "name": "uvu",
      "rawSpec": "^0.5.1"
    }
  },
  "15 debug pnpm:_dependency_resolved": {
    "resolution": "registry.npmjs.org/sirv-cli/1.0.14",
    "wanted": {
      "dependentId": ".",
      "name": "sirv-cli",
      "rawSpec": "^1.0.0"
    }
  },
  "16 debug pnpm:progress": {
    "packageId": "registry.npmjs.org/@rollup/plugin-node-resolve/11.2.1",
    "requester": "/Users/Jerry/Code/Vikalp/svelte-esm-test-utils/examples/svelte",
    "status": "resolved"
  },
  "17 debug pnpm:progress": {
    "packageId": "registry.npmjs.org/@rollup/plugin-node-resolve/11.2.1",
    "requester": "/Users/Jerry/Code/Vikalp/svelte-esm-test-utils/examples/svelte",
    "status": "found_in_store"
  },
  "18 debug pnpm:progress": {
    "packageId": "registry.npmjs.org/@rollup/plugin-commonjs/17.1.0",
    "requester": "/Users/Jerry/Code/Vikalp/svelte-esm-test-utils/examples/svelte",
    "status": "resolved"
  },
  "19 debug pnpm:progress": {
    "packageId": "registry.npmjs.org/@rollup/plugin-commonjs/17.1.0",
    "requester": "/Users/Jerry/Code/Vikalp/svelte-esm-test-utils/examples/svelte",
    "status": "found_in_store"
  },
  "20 debug pnpm:progress": {
    "packageId": "registry.npmjs.org/c8/7.9.0",
    "requester": "/Users/Jerry/Code/Vikalp/svelte-esm-test-utils/examples/svelte",
    "status": "resolved"
  },
  "21 debug pnpm:progress": {
    "packageId": "registry.npmjs.org/c8/7.9.0",
    "requester": "/Users/Jerry/Code/Vikalp/svelte-esm-test-utils/examples/svelte",
    "status": "found_in_store"
  },
  "22 debug pnpm:progress": {
    "packageId": "registry.npmjs.org/jsdom/17.0.0",
    "requester": "/Users/Jerry/Code/Vikalp/svelte-esm-test-utils/examples/svelte",
    "status": "resolved"
  },
  "23 debug pnpm:progress": {
    "packageId": "registry.npmjs.org/jsdom/17.0.0",
    "requester": "/Users/Jerry/Code/Vikalp/svelte-esm-test-utils/examples/svelte",
    "status": "found_in_store"
  },
  "24 debug pnpm:progress": {
    "packageId": "registry.npmjs.org/rollup-plugin-css-only/3.1.0",
    "requester": "/Users/Jerry/Code/Vikalp/svelte-esm-test-utils/examples/svelte",
    "status": "resolved"
  },
  "25 debug pnpm:progress": {
    "packageId": "registry.npmjs.org/rollup-plugin-css-only/3.1.0",
    "requester": "/Users/Jerry/Code/Vikalp/svelte-esm-test-utils/examples/svelte",
    "status": "found_in_store"
  },
  "26 debug pnpm:progress": {
    "packageId": "registry.npmjs.org/rollup-plugin-svelte/7.1.0",
    "requester": "/Users/Jerry/Code/Vikalp/svelte-esm-test-utils/examples/svelte",
    "status": "resolved"
  },
  "27 debug pnpm:progress": {
    "packageId": "registry.npmjs.org/rollup-plugin-svelte/7.1.0",
    "requester": "/Users/Jerry/Code/Vikalp/svelte-esm-test-utils/examples/svelte",
    "status": "found_in_store"
  },
  "28 debug pnpm:progress": {
    "packageId": "registry.npmjs.org/rollup/2.56.3",
    "requester": "/Users/Jerry/Code/Vikalp/svelte-esm-test-utils/examples/svelte",
    "status": "resolved"
  },
  "29 debug pnpm:progress": {
    "packageId": "registry.npmjs.org/rollup/2.56.3",
    "requester": "/Users/Jerry/Code/Vikalp/svelte-esm-test-utils/examples/svelte",
    "status": "found_in_store"
  },
  "30 debug pnpm:progress": {
    "packageId": "registry.npmjs.org/rollup-plugin-livereload/2.0.5",
    "requester": "/Users/Jerry/Code/Vikalp/svelte-esm-test-utils/examples/svelte",
    "status": "resolved"
  },
  "31 debug pnpm:progress": {
    "packageId": "registry.npmjs.org/rollup-plugin-livereload/2.0.5",
    "requester": "/Users/Jerry/Code/Vikalp/svelte-esm-test-utils/examples/svelte",
    "status": "found_in_store"
  },
  "32 debug pnpm:progress": {
    "packageId": "registry.npmjs.org/rollup-plugin-terser/7.0.2",
    "requester": "/Users/Jerry/Code/Vikalp/svelte-esm-test-utils/examples/svelte",
    "status": "resolved"
  },
  "33 debug pnpm:progress": {
    "packageId": "registry.npmjs.org/rollup-plugin-terser/7.0.2",
    "requester": "/Users/Jerry/Code/Vikalp/svelte-esm-test-utils/examples/svelte",
    "status": "found_in_store"
  },
  "34 debug pnpm:progress": {
    "packageId": "registry.npmjs.org/uvu/0.5.1",
    "requester": "/Users/Jerry/Code/Vikalp/svelte-esm-test-utils/examples/svelte",
    "status": "resolved"
  },
  "35 debug pnpm:progress": {
    "packageId": "registry.npmjs.org/uvu/0.5.1",
    "requester": "/Users/Jerry/Code/Vikalp/svelte-esm-test-utils/examples/svelte",
    "status": "found_in_store"
  },
  "36 debug pnpm:progress": {
    "packageId": "registry.npmjs.org/sirv-cli/1.0.14",
    "requester": "/Users/Jerry/Code/Vikalp/svelte-esm-test-utils/examples/svelte",
    "status": "resolved"
  },
  "37 debug pnpm:progress": {
    "packageId": "registry.npmjs.org/sirv-cli/1.0.14",
    "requester": "/Users/Jerry/Code/Vikalp/svelte-esm-test-utils/examples/svelte",
    "status": "found_in_store"
  },
  "38 debug pnpm:progress": {
    "packageId": "registry.npmjs.org/svelte/3.42.6",
    "requester": "/Users/Jerry/Code/Vikalp/svelte-esm-test-utils/examples/svelte",
    "status": "resolved"
  },
  "39 debug pnpm:progress": {
    "packageId": "registry.npmjs.org/svelte/3.42.6",
    "requester": "/Users/Jerry/Code/Vikalp/svelte-esm-test-utils/examples/svelte",
    "status": "found_in_store"
  },
  "40 error pnpm": {
    "code": "ERR_PNPM_FETCH_404",
    "hint": "@jerrythomas/svelte-esm-test-utils is not in the npm registry, or you have no permission to fetch it.\n\nAn authorization header was used: Bearer a951[hidden]",
    "request": {
      "authHeaderValue": "Bearer a951080c-b3d4-4c89-a3f3-bada7f21230c",
      "url": "https://registry.npmjs.org/@jerrythomas%2Fsvelte-esm-test-utils"
    },
    "response": {
      "size": 0
    },
    "pkgName": "@jerrythomas/svelte-esm-test-utils",
    "pkgsStack": [],
    "err": {
      "name": "pnpm",
      "message": "GET https://registry.npmjs.org/@jerrythomas%2Fsvelte-esm-test-utils: Not Found - 404",
      "code": "ERR_PNPM_FETCH_404",
      "stack": "pnpm: GET https://registry.npmjs.org/@jerrythomas%2Fsvelte-esm-test-utils: Not Found - 404\n    at RetryOperation._fn (/Users/Jerry/.nvm/versions/node/v14.17.0/pnpm-global/5/node_modules/.pnpm/pnpm@6.15.1/node_modules/pnpm/dist/pnpm.cjs:84821:18)\n    at processTicksAndRejections (internal/process/task_queues.js:95:5)"
    }
  }
}